{"contracts\\TimeCoin.sol":{"l":{"10":3,"16":11,"17":9,"21":3,"27":6,"28":6,"33":15,"34":10,"36":15,"37":9},"path":"C:\\Users\\Caleb\\Desktop\\school\\pattern\\Assignment\\Timesharing\\blockchain\\contracts\\TimeCoin.sol","s":{"1":3,"2":11,"3":3,"4":6,"5":6,"6":15,"7":10,"8":15,"9":9},"b":{"1":[9,2],"2":[10,5],"3":[9,6],"4":[5,4]},"f":{"1":3,"2":11,"3":3,"4":6,"5":15},"fnMap":{"1":{"name":"constructor","line":9,"loc":{"start":{"line":9,"column":4},"end":{"line":11,"column":4}}},"2":{"name":"onlyOperator","line":15,"loc":{"start":{"line":15,"column":4},"end":{"line":18,"column":4}}},"3":{"name":"register","line":20,"loc":{"start":{"line":20,"column":4},"end":{"line":22,"column":4}}},"4":{"name":"reassignCoin","line":26,"loc":{"start":{"line":26,"column":4},"end":{"line":29,"column":4}}},"5":{"name":"_beforeTokenTransfer","line":32,"loc":{"start":{"line":32,"column":4},"end":{"line":39,"column":4}}}},"statementMap":{"1":{"start":{"line":10,"column":9},"end":{"line":10,"column":29}},"2":{"start":{"line":16,"column":8},"end":{"line":16,"column":68}},"3":{"start":{"line":21,"column":8},"end":{"line":21,"column":36}},"4":{"start":{"line":27,"column":8},"end":{"line":27,"column":41}},"5":{"start":{"line":28,"column":8},"end":{"line":28,"column":28}},"6":{"start":{"line":33,"column":8},"end":{"line":33,"column":1066}},"7":{"start":{"line":34,"column":12},"end":{"line":34,"column":50}},"8":{"start":{"line":36,"column":8},"end":{"line":36,"column":1163}},"9":{"start":{"line":37,"column":12},"end":{"line":37,"column":80}}},"branchMap":{"1":{"line":16,"type":"if","locations":[{"start":{"line":16,"column":8},"end":{"line":16,"column":8}},{"start":{"line":16,"column":8},"end":{"line":16,"column":8}}]},"2":{"line":33,"type":"if","locations":[{"start":{"line":33,"column":8},"end":{"line":33,"column":8}},{"start":{"line":33,"column":8},"end":{"line":33,"column":8}}]},"3":{"line":36,"type":"if","locations":[{"start":{"line":36,"column":8},"end":{"line":36,"column":8}},{"start":{"line":36,"column":8},"end":{"line":36,"column":8}}]},"4":{"line":37,"type":"if","locations":[{"start":{"line":37,"column":12},"end":{"line":37,"column":12}},{"start":{"line":37,"column":12},"end":{"line":37,"column":12}}]}}}}